ARM GAS  /tmp/ccLkTYue.s 			page 1


   1              		.cpu cortex-m4
   2              		.arch armv7e-m
   3              		.fpu fpv4-sp-d16
   4              		.eabi_attribute 27, 1
   5              		.eabi_attribute 28, 1
   6              		.eabi_attribute 20, 1
   7              		.eabi_attribute 21, 1
   8              		.eabi_attribute 23, 3
   9              		.eabi_attribute 24, 1
  10              		.eabi_attribute 25, 1
  11              		.eabi_attribute 26, 1
  12              		.eabi_attribute 30, 1
  13              		.eabi_attribute 34, 1
  14              		.eabi_attribute 18, 4
  15              		.file	"main.c"
  16              		.text
  17              	.Ltext0:
  18              		.cfi_sections	.debug_frame
  19              		.file 1 "Src/main.c"
  20              		.section	.text.main,"ax",%progbits
  21              		.align	1
  22              		.global	main
  23              		.syntax unified
  24              		.thumb
  25              		.thumb_func
  27              	main:
  28              	.LFB0:
   1:Src/main.c    **** #define PERIPH_BASE               (0x40000000UL)
   2:Src/main.c    **** #define AHB1_PERIPH_OFFSET        (0x20000UL)
   3:Src/main.c    **** #define AHB1_PERIPH_BASE          (PERIPH_BASE + AHB1_PERIPH_OFFSET)
   4:Src/main.c    **** #define GPIOA_OFFSET              (0X0000UL)
   5:Src/main.c    **** 
   6:Src/main.c    **** #define GPIOA_BASE                (AHB1_PERIPH_BASE + GPIOA_OFFSET)
   7:Src/main.c    **** 
   8:Src/main.c    **** #define RCC_OFFSET                (0x3800UL)
   9:Src/main.c    **** #define RCC_BASE                  (AHB1_PERIPH_BASE + RCC_OFFSET)
  10:Src/main.c    **** 
  11:Src/main.c    **** #define RCC_AHB1EN_R_OFFSET       (0x30UL)
  12:Src/main.c    **** #define RCC_AHB1EN_R              (*(volatile unsigned int *)(RCC_BASE + RCC_AHB1EN_R_OFFSET))
  13:Src/main.c    **** 
  14:Src/main.c    **** #define MODE_R_OFFSET             (0x0000UL)
  15:Src/main.c    **** #define GPIOA_MODE_R              (*(volatile unsigned int*)(GPIOA_BASE + MODE_R_OFFSET))
  16:Src/main.c    **** 
  17:Src/main.c    **** #define OD_R_OFFSET               (0x14UL)
  18:Src/main.c    **** #define GPIOA_OD_R                (*(volatile unsigned int*)(GPIOA_BASE + OD_R_OFFSET))
  19:Src/main.c    **** 
  20:Src/main.c    **** #define GPIOAEN                   (1U << 0) 
  21:Src/main.c    **** 
  22:Src/main.c    **** #define PIN5                      (1U << 5)
  23:Src/main.c    **** #define LED_PIN                   (PIN5)
  24:Src/main.c    **** /*
  25:Src/main.c    **** 
  26:Src/main.c    **** (1U<10) //set bit 10 to 1 
  27:Src/main.c    **** &=~(1U<<11) //set bit 11 to 0
  28:Src/main.c    **** 
  29:Src/main.c    **** */
  30:Src/main.c    **** 
ARM GAS  /tmp/ccLkTYue.s 			page 2


  31:Src/main.c    **** int main(void) {
  29              		.loc 1 31 16 view -0
  30              		.cfi_startproc
  31              		@ args = 0, pretend = 0, frame = 0
  32              		@ frame_needed = 0, uses_anonymous_args = 0
  33              		@ link register save eliminated.
  32:Src/main.c    **** 
  33:Src/main.c    ****   // enable clock accesss to GPIOA
  34:Src/main.c    ****   RCC_AHB1EN_R |= GPIOAEN;
  34              		.loc 1 34 3 view .LVU1
  35 0000 0D4A     		ldr	r2, .L5
  36 0002 D2F83038 		ldr	r3, [r2, #2096]
  37              		.loc 1 34 16 is_stmt 0 view .LVU2
  38 0006 43F00103 		orr	r3, r3, #1
  39 000a C2F83038 		str	r3, [r2, #2096]
  35:Src/main.c    ****   
  36:Src/main.c    ****   //set PA5 as an output
  37:Src/main.c    ****   GPIOA_MODE_R |= (1U << 10);
  40              		.loc 1 37 3 is_stmt 1 view .LVU3
  41 000e 0B4B     		ldr	r3, .L5+4
  42 0010 1A68     		ldr	r2, [r3]
  43              		.loc 1 37 16 is_stmt 0 view .LVU4
  44 0012 42F48062 		orr	r2, r2, #1024
  45 0016 1A60     		str	r2, [r3]
  38:Src/main.c    ****   GPIOA_MODE_R &= ~(1U << 11);
  46              		.loc 1 38 3 is_stmt 1 view .LVU5
  47 0018 1A68     		ldr	r2, [r3]
  48              		.loc 1 38 16 is_stmt 0 view .LVU6
  49 001a 22F40062 		bic	r2, r2, #2048
  50 001e 1A60     		str	r2, [r3]
  51 0020 03E0     		b	.L4
  52              	.LVL0:
  53              	.L3:
  54              	.LBB2:
  39:Src/main.c    **** 
  40:Src/main.c    **** 
  41:Src/main.c    ****   while(1) {
  42:Src/main.c    ****       //turn on LED
  43:Src/main.c    ****       GPIOA_OD_R ^= LED_PIN;
  44:Src/main.c    **** 
  45:Src/main.c    ****       for(int i = 0; i < 100000; i++);
  55              		.loc 1 45 35 is_stmt 1 discriminator 3 view .LVU7
  56 0022 0133     		adds	r3, r3, #1
  57              	.LVL1:
  58              	.L2:
  59              		.loc 1 45 24 discriminator 1 view .LVU8
  60 0024 064A     		ldr	r2, .L5+8
  61 0026 9342     		cmp	r3, r2
  62 0028 FBDD     		ble	.L3
  63              	.LVL2:
  64              	.L4:
  65              		.loc 1 45 24 is_stmt 0 discriminator 1 view .LVU9
  66              	.LBE2:
  41:Src/main.c    ****       //turn on LED
  67              		.loc 1 41 3 is_stmt 1 view .LVU10
  43:Src/main.c    **** 
  68              		.loc 1 43 7 view .LVU11
ARM GAS  /tmp/ccLkTYue.s 			page 3


  69 002a 044A     		ldr	r2, .L5+4
  70 002c 5369     		ldr	r3, [r2, #20]
  43:Src/main.c    **** 
  71              		.loc 1 43 18 is_stmt 0 view .LVU12
  72 002e 83F02003 		eor	r3, r3, #32
  73 0032 5361     		str	r3, [r2, #20]
  74              		.loc 1 45 7 is_stmt 1 view .LVU13
  75              	.LBB3:
  76              		.loc 1 45 11 view .LVU14
  77              	.LVL3:
  78              		.loc 1 45 15 is_stmt 0 view .LVU15
  79 0034 0023     		movs	r3, #0
  80              		.loc 1 45 7 view .LVU16
  81 0036 F5E7     		b	.L2
  82              	.L6:
  83              		.align	2
  84              	.L5:
  85 0038 00300240 		.word	1073885184
  86 003c 00000240 		.word	1073872896
  87 0040 9F860100 		.word	99999
  88              	.LBE3:
  89              		.cfi_endproc
  90              	.LFE0:
  92              		.text
  93              	.Letext0:
ARM GAS  /tmp/ccLkTYue.s 			page 4


DEFINED SYMBOLS
                            *ABS*:0000000000000000 main.c
     /tmp/ccLkTYue.s:21     .text.main:0000000000000000 $t
     /tmp/ccLkTYue.s:27     .text.main:0000000000000000 main
     /tmp/ccLkTYue.s:85     .text.main:0000000000000038 $d

NO UNDEFINED SYMBOLS
